#
# There is insufficient memory for the Java Runtime Environment to continue.
# Native memory allocation (malloc) failed to allocate 1048576 bytes for AllocateHeap
# Possible reasons:
#   The system is out of physical RAM or swap space
#   In 32 bit mode, the process size limit was hit
# Possible solutions:
#   Reduce memory load on the system
#   Increase physical memory or swap space
#   Check if swap backing store is full
#   Use 64 bit Java on a 64 bit OS
#   Decrease Java heap size (-Xmx/-Xms)
#   Decrease number of Java threads
#   Decrease Java thread stack sizes (-Xss)
#   Set larger code cache with -XX:ReservedCodeCacheSize=
# This output file may be truncated or incomplete.
#
#  Out of Memory Error (memory/allocation.inline.hpp:61), pid=5808, tid=0x0000000000003010
#
# JRE version:  (8.0_172-b11) (build )
# Java VM: Java HotSpot(TM) 64-Bit Server VM (25.172-b11 mixed mode windows-amd64 compressed oops)
# Failed to write core dump. Minidumps are not enabled by default on client versions of Windows
#

---------------  T H R E A D  ---------------

Current thread (0x0000000003012800):  JavaThread "Unknown thread" [_thread_in_vm, id=12304, stack(0x0000000002f10000,0x0000000003010000)]

Stack: [0x0000000002f10000,0x0000000003010000]
[error occurred during error reporting (printing stack bounds), id 0xc0000005]

Native frames: (J=compiled Java code, j=interpreted, Vv=VM code, C=native code)


---------------  P R O C E S S  ---------------

Java Threads: ( => current thread )

Other Threads:

=>0x0000000003012800 (exited) JavaThread "Unknown thread" [_thread_in_vm, id=12304, stack(0x0000000002f10000,0x0000000003010000)]

VM state:not at safepoint (normal execution)

VM Mutex/Monitor currently owned by a thread: None

Heap:
 PSYoungGen      total 75264K, used 1290K [0x000000076c400000, 0x0000000771800000, 0x00000007c0000000)
  eden space 64512K, 2% used [0x000000076c400000,0x000000076c542900,0x0000000770300000)
  from space 10752K, 0% used [0x0000000770d80000,0x0000000770d80000,0x0000000771800000)
  to   space 10752K, 0% used [0x0000000770300000,0x0000000770300000,0x0000000770d80000)
 ParOldGen       total 172032K, used 0K [0x00000006c4c00000, 0x00000006cf400000, 0x000000076c400000)
  object space 172032K, 0% used [0x00000006c4c00000,0x00000006c4c00000,0x00000006cf400000)
 Metaspace       used 775K, capacity 4480K, committed 4480K, reserved 1056768K
  class space    used 76K, capacity 384K, committed 384K, reserved 1048576K

Card table byte_map: [0x00000000124d0000,0x0000000012cb0000] byte_map_base: 0x000000000eeaa000

Marking Bits: (ParMarkBitMap*) 0x0000000063733c10
 Begin Bits: [0x00000000135f0000, 0x00000000174c0000)
 End Bits:   [0x00000000174c0000, 0x000000001b390000)

Polling page: 0x0000000001160000

CodeCache: size=245760Kb used=328Kb max_used=328Kb free=245431Kb
 bounds [0x0000000003110000, 0x0000000003380000, 0x0000000012110000]
 total_blobs=58 nmethods=0 adapters=38
 compilation: enabled

Compilation events (0 events):
No events

GC Heap History (0 events):
No events

Deoptimization events (0 events):
No events

Classes redefined (0 events):
No events

Internal exceptions (0 events):
No events

Events (10 events):
Event: 0.665 loading class java/lang/Short
Event: 0.665 loading class java/lang/Short done
Event: 0.665 loading class java/lang/Integer
Event: 0.665 loading class java/lang/Integer done
Event: 0.665 loading class java/lang/Long
Event: 0.666 loading class java/lang/Long done
Event: 0.687 loading class java/lang/NullPointerException
Event: 0.687 loading class java/lang/NullPointerException done
Event: 0.687 loading class java/lang/ArithmeticException
Event: 0.687 loading class java/lang/ArithmeticException done


Dynamic libraries:
0x00007ff7293a0000 - 0x00007ff7293d7000 	C:\Program Files\Java\jdk1.8.0_172\bin\java.exe
0x00007ffdeea70000 - 0x00007ffdeec51000 	C:\WINDOWS\SYSTEM32\ntdll.dll
0x00007ffded0b0000 - 0x00007ffded162000 	C:\WINDOWS\System32\KERNEL32.DLL
0x00007ffdeb5f0000 - 0x00007ffdeb863000 	C:\WINDOWS\System32\KERNELBASE.dll
0x00007ffdec3e0000 - 0x00007ffdec481000 	C:\WINDOWS\System32\ADVAPI32.dll
0x00007ffded1d0000 - 0x00007ffded26e000 	C:\WINDOWS\System32\msvcrt.dll
0x00007ffdec380000 - 0x00007ffdec3db000 	C:\WINDOWS\System32\sechost.dll
0x00007ffdecee0000 - 0x00007ffded004000 	C:\WINDOWS\System32\RPCRT4.dll
0x00007ffdec9e0000 - 0x00007ffdecb70000 	C:\WINDOWS\System32\USER32.dll
0x00007ffdebe90000 - 0x00007ffdebeb0000 	C:\WINDOWS\System32\win32u.dll
0x00007ffdebf00000 - 0x00007ffdebf28000 	C:\WINDOWS\System32\GDI32.dll
0x00007ffdebbc0000 - 0x00007ffdebd52000 	C:\WINDOWS\System32\gdi32full.dll
0x00007ffdeb550000 - 0x00007ffdeb5ef000 	C:\WINDOWS\System32\msvcp_win.dll
0x00007ffdebac0000 - 0x00007ffdebbba000 	C:\WINDOWS\System32\ucrtbase.dll
0x00007ffddb410000 - 0x00007ffddb679000 	C:\WINDOWS\WinSxS\amd64_microsoft.windows.common-controls_6595b64144ccf1df_6.0.17134.165_none_fb429645306569ac\COMCTL32.dll
0x00007ffdec050000 - 0x00007ffdec373000 	C:\WINDOWS\System32\combase.dll
0x00007ffdebd60000 - 0x00007ffdebdda000 	C:\WINDOWS\System32\bcryptPrimitives.dll
0x00007ffdec010000 - 0x00007ffdec03d000 	C:\WINDOWS\System32\IMM32.DLL
0x00000000637c0000 - 0x0000000063892000 	C:\Program Files\Java\jdk1.8.0_172\jre\bin\msvcr100.dll
0x0000000062f10000 - 0x00000000637b3000 	C:\Program Files\Java\jdk1.8.0_172\jre\bin\server\jvm.dll
0x00007ffded5f0000 - 0x00007ffded5f8000 	C:\WINDOWS\System32\PSAPI.DLL
0x00007ffde8580000 - 0x00007ffde85a3000 	C:\WINDOWS\SYSTEM32\WINMM.dll
0x00007ffddc9a0000 - 0x00007ffddc9aa000 	C:\WINDOWS\SYSTEM32\VERSION.dll
0x00007ffde8550000 - 0x00007ffde857a000 	C:\WINDOWS\SYSTEM32\WINMMBASE.dll
0x00007ffdebeb0000 - 0x00007ffdebef9000 	C:\WINDOWS\System32\cfgmgr32.dll
0x00007ffdd1660000 - 0x00007ffdd1669000 	C:\WINDOWS\SYSTEM32\WSOCK32.dll
0x00007ffdece70000 - 0x00007ffdecedc000 	C:\WINDOWS\System32\WS2_32.dll
0x0000000063a80000 - 0x0000000063a8f000 	C:\Program Files\Java\jdk1.8.0_172\jre\bin\verify.dll
0x0000000062ee0000 - 0x0000000062f09000 	C:\Program Files\Java\jdk1.8.0_172\jre\bin\java.dll
0x0000000063a60000 - 0x0000000063a76000 	C:\Program Files\Java\jdk1.8.0_172\jre\bin\zip.dll

VM Arguments:
java_command: H2ModelGenerator c:\Program Files\HRE\eclipse\SAMPLE SUBSET_MIX_DEFNS C:\Users\michael\git\HRE--History-Research-Environment\HRE--History-Research-Environment\org.historyresearchenvironment\bundles\org.historyresearchenvironment.dataaccess\src\org\historyresearchenvironment\dataaccess\models
java_class_path (initial): C:\Program Files\HRE\h2-1.4.194.jar
Launcher Type: SUN_STANDARD

Environment Variables:
JAVA_HOME=C:\Program Files\Java\jre1.8.0_172
CLASSPATH=C:\Program Files\HRE\h2-1.4.194.jar
PATH=C:/Program Files/Java/jre1.8.0_172/bin/server;C:/Program Files/Java/jre1.8.0_172/bin;C:/Program Files/Java/jre1.8.0_172/lib/amd64;C:\Program Files (x86)\Common Files\Oracle\Java\javapath;C:\Program Files (x86)\Intel\iCLS Client\;C:\Program Files (x86)\IBM\Trace Facility\;C:\Program Files (x86)\IBM\Personal Communications\;C:\Program Files\Common Files\Microsoft Shared\Windows Live;C:\Program Files (x86)\Common Files\Microsoft Shared\Windows Live;C:\ProgramData\Oracle\Java\javapath;C:\Program Files\Intel\iCLS Client\;C:\WINDOWS\system32;C:\WINDOWS;C:\WINDOWS\System32\Wbem;C:\WINDOWS\System32\WindowsPowerShell\v1.0\;C:\Program Files\Lenovo\Fingerprint Manager Pro\;C:\Program Files (x86)\Lenovo\Access Connections\;C:\Program Files (x86)\Common Files\Lenovo;C:\SWTOOLS\ReadyApps;C:\Program Files (x86)\Windows Live\Shared;c:\Program Files (x86)\Microsoft SQL Server\100\Tools\Binn\;c:\Program Files (x86)\Microsoft SQL Server\100\DTS\Binn\;C:\Program Files (x86)\Intel\Intel(R) Management Engine Components\DAL;C:\Program Files\Intel\Intel(R) Management Engine Components\DAL;C:\Program Files (x86)\Intel\Intel(R) Management Engine Components\IPT;C:\Program Files\Intel\Intel(R) Management Engine Components\IPT;C:\WINDOWS\System32\OpenSSH\;C:\Program Files\Intel\WiFi\bin\;C:\Program Files\Common Files\Intel\WirelessCommon\;C:\Users\michael\AppData\Local\Microsoft\WindowsApps;C:\Users\michael\AppData\Local\GitHubDesktop\bin;C:\Program Files\apache-maven-3.5.0\bin;;C:\Users\michael\AppData\Local\Microsoft\WindowsApps;C:\Program Files\Intel\WiFi\bin\;C:\Program Files\Common Files\Intel\WirelessCommon\;C:\Program Files\HRE\eclipse;
USERNAME=michael
OS=Windows_NT
PROCESSOR_IDENTIFIER=Intel64 Family 6 Model 61 Stepping 4, GenuineIntel



---------------  S Y S T E M  ---------------

OS: Windows 10.0 , 64 bit Build 17134 (10.0.17134.1)

CPU:total 4 (initial active 4) (2 cores per cpu, 2 threads per core) family 6 model 61 stepping 4, cmov, cx8, fxsr, mmx, sse, sse2, sse3, ssse3, sse4.1, sse4.2, popcnt, avx, avx2, aes, clmul, erms, 3dnowpref, lzcnt, ht, tsc, tscinvbit, bmi1, bmi2, adx

Memory: 4k page, physical 16465560k(10031832k free), swap 34305576k(64344k free)

vm_info: Java HotSpot(TM) 64-Bit Server VM (25.172-b11) for windows-amd64 JRE (1.8.0_172-b11), built on Mar 28 2018 21:21:52 by "java_re" with MS VC++ 10.0 (VS2010)

time: Thu Aug 02 23:01:00 2018
elapsed time: 3 seconds (0d 0h 0m 3s)

